# JRE version: OpenJDK Runtime Environment (8.0_345-b01) (build 1.8.0_345-b01)
# Java VM: OpenJDK 64-Bit Server VM (25.345-b01 mixed mode windows-amd64 compressed oops)
Heap:
 PSYoungGen      total 240128K, used 4780K [0x00000000d5580000, 0x00000000eea80000, 0x0000000100000000)
  eden space 221184K, 2% used [0x00000000d5580000,0x00000000d5a2b2f0,0x00000000e2d80000)
  from space 18944K, 0% used [0x00000000e2d80000,0x00000000e2d80000,0x00000000e4000000)
  to   space 20480K, 0% used [0x00000000ed680000,0x00000000ed680000,0x00000000eea80000)
 ParOldGen       total 62976K, used 27261K [0x0000000080000000, 0x0000000083d80000, 0x00000000d5580000)
  object space 62976K, 43% used [0x0000000080000000,0x0000000081a9f770,0x0000000083d80000)
 Metaspace       used 34901K, capacity 35672K, committed 36136K, reserved 1081344K
  class space    used 4145K, capacity 4378K, committed 4480K, reserved 1048576K
GC Heap History (10 events):
Event: 6.605 GC heap before
{Heap before GC invocations=5 (full 1):
 PSYoungGen      total 138240K, used 5104K [0x00000000d5580000, 0x00000000de180000, 0x0000000100000000)
  eden space 133120K, 0% used [0x00000000d5580000,0x00000000d5580000,0x00000000dd780000)
  from space 5120K, 99% used [0x00000000ddc80000,0x00000000de17c040,0x00000000de180000)
  to   space 5120K, 0% used [0x00000000dd780000,0x00000000dd780000,0x00000000ddc80000)
 ParOldGen       total 87552K, used 11098K [0x0000000080000000, 0x0000000085580000, 0x00000000d5580000)
  object space 87552K, 12% used [0x0000000080000000,0x0000000080ad6a70,0x0000000085580000)
 Metaspace       used 20759K, capacity 21088K, committed 21296K, reserved 1069056K
  class space    used 2503K, capacity 2651K, committed 2688K, reserved 1048576K
Event: 6.706 GC heap after
Heap after GC invocations=5 (full 1):
 PSYoungGen      total 138240K, used 0K [0x00000000d5580000, 0x00000000de180000, 0x0000000100000000)
  eden space 133120K, 0% used [0x00000000d5580000,0x00000000d5580000,0x00000000dd780000)
  from space 5120K, 0% used [0x00000000ddc80000,0x00000000ddc80000,0x00000000de180000)
  to   space 5120K, 0% used [0x00000000dd780000,0x00000000dd780000,0x00000000ddc80000)
 ParOldGen       total 62976K, used 12970K [0x0000000080000000, 0x0000000083d80000, 0x00000000d5580000)
  object space 62976K, 20% used [0x0000000080000000,0x0000000080caa9c0,0x0000000083d80000)
 Metaspace       used 20759K, capacity 21088K, committed 21296K, reserved 1069056K
  class space    used 2503K, capacity 2651K, committed 2688K, reserved 1048576K
}
Event: 10.353 GC heap before
{Heap before GC invocations=6 (full 1):
 PSYoungGen      total 138240K, used 133120K [0x00000000d5580000, 0x00000000de180000, 0x0000000100000000)
  eden space 133120K, 100% used [0x00000000d5580000,0x00000000dd780000,0x00000000dd780000)
  from space 5120K, 0% used [0x00000000ddc80000,0x00000000ddc80000,0x00000000de180000)
  to   space 5120K, 0% used [0x00000000dd780000,0x00000000dd780000,0x00000000ddc80000)
 ParOldGen       total 62976K, used 12970K [0x0000000080000000, 0x0000000083d80000, 0x00000000d5580000)
  object space 62976K, 20% used [0x0000000080000000,0x0000000080caa9c0,0x0000000083d80000)
 Metaspace       used 26269K, capacity 26820K, committed 27264K, reserved 1073152K
  class space    used 3147K, capacity 3353K, committed 3456K, reserved 1048576K
Event: 10.387 GC heap after
Heap after GC invocations=6 (full 1):
 PSYoungGen      total 138240K, used 5120K [0x00000000d5580000, 0x00000000e4d00000, 0x0000000100000000)
  eden space 133120K, 0% used [0x00000000d5580000,0x00000000d5580000,0x00000000dd780000)
  from space 5120K, 100% used [0x00000000dd780000,0x00000000ddc80000,0x00000000ddc80000)
  to   space 13312K, 0% used [0x00000000e4000000,0x00000000e4000000,0x00000000e4d00000)
 ParOldGen       total 62976K, used 17565K [0x0000000080000000, 0x0000000083d80000, 0x00000000d5580000)
  object space 62976K, 27% used [0x0000000080000000,0x0000000081127798,0x0000000083d80000)
 Metaspace       used 26269K, capacity 26820K, committed 27264K, reserved 1073152K
  class space    used 3147K, capacity 3353K, committed 3456K, reserved 1048576K
}
Event: 15.306 GC heap before
{Heap before GC invocations=7 (full 1):
 PSYoungGen      total 138240K, used 138240K [0x00000000d5580000, 0x00000000e4d00000, 0x0000000100000000)
  eden space 133120K, 100% used [0x00000000d5580000,0x00000000dd780000,0x00000000dd780000)
  from space 5120K, 100% used [0x00000000dd780000,0x00000000ddc80000,0x00000000ddc80000)
  to   space 13312K, 0% used [0x00000000e4000000,0x00000000e4000000,0x00000000e4d00000)
 ParOldGen       total 62976K, used 17565K [0x0000000080000000, 0x0000000083d80000, 0x00000000d5580000)
  object space 62976K, 27% used [0x0000000080000000,0x0000000081127798,0x0000000083d80000)
 Metaspace       used 32929K, capacity 33692K, committed 33920K, reserved 1079296K
  class space    used 3842K, capacity 4101K, committed 4224K, reserved 1048576K
Event: 15.368 GC heap after
Heap after GC invocations=7 (full 1):
 PSYoungGen      total 234496K, used 13283K [0x00000000d5580000, 0x00000000e5300000, 0x0000000100000000)
  eden space 221184K, 0% used [0x00000000d5580000,0x00000000d5580000,0x00000000e2d80000)
  from space 13312K, 99% used [0x00000000e4000000,0x00000000e4cf8c98,0x00000000e4d00000)
  to   space 18944K, 0% used [0x00000000e2d80000,0x00000000e2d80000,0x00000000e4000000)
 ParOldGen       total 62976K, used 23075K [0x0000000080000000, 0x0000000083d80000, 0x00000000d5580000)
  object space 62976K, 36% used [0x0000000080000000,0x0000000081688e38,0x0000000083d80000)
 Metaspace       used 32929K, capacity 33692K, committed 33920K, reserved 1079296K
  class space    used 3842K, capacity 4101K, committed 4224K, reserved 1048576K
}
Event: 16.192 GC heap before
{Heap before GC invocations=8 (full 1):
 PSYoungGen      total 234496K, used 41429K [0x00000000d5580000, 0x00000000e5300000, 0x0000000100000000)
  eden space 221184K, 12% used [0x00000000d5580000,0x00000000d70fca20,0x00000000e2d80000)
  from space 13312K, 99% used [0x00000000e4000000,0x00000000e4cf8c98,0x00000000e4d00000)
  to   space 18944K, 0% used [0x00000000e2d80000,0x00000000e2d80000,0x00000000e4000000)
 ParOldGen       total 62976K, used 23075K [0x0000000080000000, 0x0000000083d80000, 0x00000000d5580000)
  object space 62976K, 36% used [0x0000000080000000,0x0000000081688e38,0x0000000083d80000)
 Metaspace       used 34573K, capacity 35326K, committed 35496K, reserved 1081344K
  class space    used 4109K, capacity 4346K, committed 4352K, reserved 1048576K
Event: 16.231 GC heap after
Heap after GC invocations=8 (full 1):
 PSYoungGen      total 240128K, used 15744K [0x00000000d5580000, 0x00000000eea80000, 0x0000000100000000)
  eden space 221184K, 0% used [0x00000000d5580000,0x00000000d5580000,0x00000000e2d80000)
  from space 18944K, 83% used [0x00000000e2d80000,0x00000000e3ce0328,0x00000000e4000000)
  to   space 20480K, 0% used [0x00000000ed680000,0x00000000ed680000,0x00000000eea80000)
 ParOldGen       total 62976K, used 23075K [0x0000000080000000, 0x0000000083d80000, 0x00000000d5580000)
  object space 62976K, 36% used [0x0000000080000000,0x0000000081688e38,0x0000000083d80000)
 Metaspace       used 34573K, capacity 35326K, committed 35496K, reserved 1081344K
  class space    used 4109K, capacity 4346K, committed 4352K, reserved 1048576K
}
Event: 16.232 GC heap before
{Heap before GC invocations=9 (full 2):
 PSYoungGen      total 240128K, used 15744K [0x00000000d5580000, 0x00000000eea80000, 0x0000000100000000)
  eden space 221184K, 0% used [0x00000000d5580000,0x00000000d5580000,0x00000000e2d80000)
  from space 18944K, 83% used [0x00000000e2d80000,0x00000000e3ce0328,0x00000000e4000000)
  to   space 20480K, 0% used [0x00000000ed680000,0x00000000ed680000,0x00000000eea80000)
 ParOldGen       total 62976K, used 23075K [0x0000000080000000, 0x0000000083d80000, 0x00000000d5580000)
  object space 62976K, 36% used [0x0000000080000000,0x0000000081688e38,0x0000000083d80000)
 Metaspace       used 34573K, capacity 35326K, committed 35496K, reserved 1081344K
  class space    used 4109K, capacity 4346K, committed 4352K, reserved 1048576K
Event: 16.469 GC heap after
Heap after GC invocations=9 (full 2):
 PSYoungGen      total 240128K, used 0K [0x00000000d5580000, 0x00000000eea80000, 0x0000000100000000)
  eden space 221184K, 0% used [0x00000000d5580000,0x00000000d5580000,0x00000000e2d80000)
  from space 18944K, 0% used [0x00000000e2d80000,0x00000000e2d80000,0x00000000e4000000)
  to   space 20480K, 0% used [0x00000000ed680000,0x00000000ed680000,0x00000000eea80000)
 ParOldGen       total 62976K, used 27261K [0x0000000080000000, 0x0000000083d80000, 0x00000000d5580000)
  object space 62976K, 43% used [0x0000000080000000,0x0000000081a9f770,0x0000000083d80000)
 Metaspace       used 34557K, capacity 35308K, committed 35496K, reserved 1081344K
  class space    used 4107K, capacity 4344K, committed 4352K, reserved 1048576K
}

